<?xml version="1.0" encoding="UTF-8"?>
<!-- Generated by org.testng.reporters.JUnitReportReporter -->
<testsuite hostname="LAPTOP-3DA2R6EB" failures="0" tests="1" name="fileupload.FileAttach" time="25.857" errors="0" timestamp="2025-08-08T01:11:14 IST" skipped="0">
  <testcase classname="fileupload.FileAttach" name="attachfile" time="25.857"/>
</testsuite> <!-- fileupload.FileAttach -->
