<?xml version="1.0" encoding="UTF-8"?>
<!-- Generated by org.testng.reporters.JUnitReportReporter -->
<testsuite hostname="LAPTOP-3DA2R6EB" failures="0" tests="2" name="testng.F_TimeOut_Feature" time="7.689" errors="0" timestamp="2025-07-23T00:08:45 IST" skipped="0">
  <testcase classname="testng.F_TimeOut_Feature" name="method2" time="2.237"/>
  <testcase classname="testng.F_TimeOut_Feature" name="method1" time="5.452"/>
</testsuite> <!-- testng.F_TimeOut_Feature -->
