<?xml version="1.0" encoding="UTF-8"?>
<!-- Generated by org.testng.reporters.JUnitReportReporter -->
<testsuite hostname="LAPTOP-3DA2R6EB" failures="0" tests="10" name="testng.k_DataProvider" time="45.878" errors="0" timestamp="2025-08-13T21:01:56 IST" skipped="0">
  <testcase classname="testng.k_DataProvider" name="login" time="3.479"/>
  <testcase classname="testng.k_DataProvider" name="login" time="2.741"/>
  <testcase classname="testng.k_DataProvider" name="login" time="4.538"/>
  <testcase classname="testng.k_DataProvider" name="login" time="4.048"/>
  <testcase classname="testng.k_DataProvider" name="login" time="2.822"/>
  <testcase classname="testng.k_DataProvider" name="login" time="2.857"/>
  <testcase classname="testng.k_DataProvider" name="login" time="3.674"/>
  <testcase classname="testng.k_DataProvider" name="login" time="4.061"/>
  <testcase classname="testng.k_DataProvider" name="login" time="12.230"/>
  <testcase classname="testng.k_DataProvider" name="login" time="5.428"/>
</testsuite> <!-- testng.k_DataProvider -->
