<?xml version="1.0" encoding="UTF-8"?>
<!-- Generated by org.testng.reporters.JUnitReportReporter -->
<testsuite hostname="LAPTOP-3DA2R6EB" failures="0" tests="1" name="screenshots.WithoutBrowser" time="2.011" errors="0" timestamp="2025-08-08T00:56:49 IST" skipped="0">
  <testcase classname="screenshots.WithoutBrowser" name="withoutBrowser" time="2.011"/>
</testsuite> <!-- screenshots.WithoutBrowser -->
