<?xml version="1.0" encoding="UTF-8"?>
<!-- Generated by org.testng.reporters.JUnitReportReporter -->
<testsuite hostname="LAPTOP-3DA2R6EB" failures="0" tests="1" name="iframes.IFrames" time="31.332" errors="0" timestamp="2025-08-06T00:37:39 IST" skipped="0">
  <testcase classname="iframes.IFrames" name="handleifrmaes" time="31.332"/>
</testsuite> <!-- iframes.IFrames -->
