<?xml version="1.0" encoding="UTF-8"?>
<!-- Generated by org.testng.reporters.JUnitReportReporter -->
<testsuite hostname="LAPTOP-3DA2R6EB" failures="0" tests="1" name="dropdown.DropDownSelection" time="10.150" errors="0" timestamp="2025-07-29T22:28:01 IST" skipped="0">
  <testcase classname="dropdown.DropDownSelection" name="DropDownValues" time="10.150"/>
</testsuite> <!-- dropdown.DropDownSelection -->
