<?xml version="1.0" encoding="UTF-8"?>
<!-- Generated by org.testng.reporters.JUnitReportReporter -->
<testsuite hostname="LAPTOP-3DA2R6EB" failures="0" tests="1" name="testng.RCDCDDMOKF" time="5.596" errors="0" timestamp="2025-08-01T00:31:29 IST" skipped="0">
  <testcase classname="testng.RCDCDDMOKF" name="KeyBoardFuntion" time="5.596"/>
</testsuite> <!-- testng.RCDCDDMOKF -->
