<?xml version="1.0" encoding="UTF-8"?>
<!-- Generated by org.testng.reporters.JUnitReportReporter -->
<testsuite hostname="LAPTOP-3DA2R6EB" failures="0" tests="1" name="log4j.Log4jFrameWork" time="6.323" errors="0" timestamp="2025-08-11T22:28:33 IST" skipped="0">
  <testcase classname="log4j.Log4jFrameWork" name="techlearnlogin" time="6.323"/>
</testsuite> <!-- log4j.Log4jFrameWork -->
