<?xml version="1.0" encoding="UTF-8"?>
<!-- Generated by org.testng.reporters.JUnitReportReporter -->
<testsuite hostname="LAPTOP-3DA2R6EB" failures="0" tests="5" name="testng.G_TestCase_Description" time="35.107" errors="0" timestamp="2025-07-23T00:40:10 IST" skipped="0">
  <testcase classname="testng.G_TestCase_Description" name="test1" time="0.769"/>
  <testcase classname="testng.G_TestCase_Description" name="test4" time="0.791"/>
  <testcase classname="testng.G_TestCase_Description" name="test2" time="3.649"/>
  <testcase classname="testng.G_TestCase_Description" name="test5" time="3.213"/>
  <testcase classname="testng.G_TestCase_Description" name="test3" time="26.685"/>
</testsuite> <!-- testng.G_TestCase_Description -->
