<?xml version="1.0" encoding="UTF-8"?>
<!-- Generated by org.testng.reporters.JUnitReportReporter -->
<testsuite hostname="LAPTOP-3DA2R6EB" failures="0" tests="2" name="testng.J_TestCases_Execution_From_Groups_XML2" time="5.219" errors="0" timestamp="2025-07-24T01:56:29 IST" skipped="0">
  <testcase classname="testng.J_TestCases_Execution_From_Groups_XML2" name="twitter" time="4.227"/>
  <testcase classname="testng.J_TestCases_Execution_From_Groups_XML2" name="facebook" time="0.992"/>
</testsuite> <!-- testng.J_TestCases_Execution_From_Groups_XML2 -->
