<?xml version="1.0" encoding="UTF-8"?>
<!-- Generated by org.testng.reporters.JUnitReportReporter -->
<testsuite hostname="LAPTOP-3DA2R6EB" failures="0" tests="3" name="isdisplayedisenabledisselected.VerificationWebElementsStatus" time="15.675" errors="0" timestamp="2025-08-05T23:40:07 IST" skipped="0">
  <testcase classname="isdisplayedisenabledisselected.VerificationWebElementsStatus" name="isSelected" time="5.081"/>
  <testcase classname="isdisplayedisenabledisselected.VerificationWebElementsStatus" name="isEnabled" time="4.274"/>
  <testcase classname="isdisplayedisenabledisselected.VerificationWebElementsStatus" name="isDisplayed" time="6.320"/>
</testsuite> <!-- isdisplayedisenabledisselected.VerificationWebElementsStatus -->
