<?xml version="1.0" encoding="UTF-8"?>
<!-- Generated by org.testng.reporters.JUnitReportReporter -->
<testsuite hostname="LAPTOP-3DA2R6EB" failures="0" tests="7" name="testng.H_invocation_Count" time="13.305" errors="0" timestamp="2025-07-24T01:41:29 IST" skipped="0">
  <testcase classname="testng.H_invocation_Count" name="method1" time="3.015"/>
  <testcase classname="testng.H_invocation_Count" name="method1" time="1.662"/>
  <testcase classname="testng.H_invocation_Count" name="method1" time="1.697"/>
  <testcase classname="testng.H_invocation_Count" name="method2" time="1.729"/>
  <testcase classname="testng.H_invocation_Count" name="method1" time="1.787"/>
  <testcase classname="testng.H_invocation_Count" name="method1" time="1.812"/>
  <testcase classname="testng.H_invocation_Count" name="method1" time="1.603"/>
</testsuite> <!-- testng.H_invocation_Count -->
