<?xml version="1.0" encoding="UTF-8"?>
<!-- Generated by org.testng.reporters.JUnitReportReporter -->
<testsuite hostname="LAPTOP-3DA2R6EB" failures="0" tests="3" name="testng.I_TestCases_Execution_From_XML" time="10.874" errors="0" timestamp="2025-07-24T00:43:24 IST" skipped="0">
  <testcase classname="testng.I_TestCases_Execution_From_XML" name="selenium" time="1.425"/>
  <testcase classname="testng.I_TestCases_Execution_From_XML" name="jira" time="6.173"/>
  <testcase classname="testng.I_TestCases_Execution_From_XML" name="twitter" time="3.276"/>
</testsuite> <!-- testng.I_TestCases_Execution_From_XML -->
