<?xml version="1.0" encoding="UTF-8"?>
<!-- Generated by org.testng.reporters.JUnitReportReporter -->
<testsuite hostname="LAPTOP-3DA2R6EB" failures="0" tests="3" name="verificationmethods.TabTitleAppUrlAppText" time="3.134" errors="0" timestamp="2025-08-01T22:36:18 IST" skipped="0">
  <testcase classname="verificationmethods.TabTitleAppUrlAppText" name="VerifyAppText" time="1.421"/>
  <testcase classname="verificationmethods.TabTitleAppUrlAppText" name="VerifyAppUrl" time="1.005"/>
  <testcase classname="verificationmethods.TabTitleAppUrlAppText" name="VerifyTabTitle" time="0.708"/>
</testsuite> <!-- verificationmethods.TabTitleAppUrlAppText -->
