<?xml version="1.0" encoding="UTF-8"?>
<!-- Generated by org.testng.reporters.JUnitReportReporter -->
<testsuite hostname="LAPTOP-3DA2R6EB" failures="0" tests="1" name="iframes.DemoGithub" time="8.353" errors="0" timestamp="2025-09-02T13:37:56 IST" skipped="0">
  <testcase classname="iframes.DemoGithub" name="techlearnlogin" time="8.353"/>
</testsuite> <!-- iframes.DemoGithub -->
