<?xml version="1.0" encoding="UTF-8"?>
<!-- Generated by org.testng.reporters.JUnitReportReporter -->
<testsuite hostname="LAPTOP-3DA2R6EB" failures="0" tests="1" name="popalerts.Alerts" time="8.092" errors="0" timestamp="2025-07-26T23:12:57 IST" skipped="0">
  <testcase classname="popalerts.Alerts" name="sendTextOk" time="8.092"/>
</testsuite> <!-- popalerts.Alerts -->
