<?xml version="1.0" encoding="UTF-8"?>
<!-- Generated by org.testng.reporters.JUnitReportReporter -->
<testsuite hostname="LAPTOP-3DA2R6EB" failures="0" tests="1" name="screenshots.ErrorPageScreenshot" time="17.938" errors="0" timestamp="2025-08-08T00:40:12 IST" skipped="0">
  <testcase classname="screenshots.ErrorPageScreenshot" name="teachlearnlogin" time="17.938"/>
</testsuite> <!-- screenshots.ErrorPageScreenshot -->
