<?xml version="1.0" encoding="UTF-8"?>
<!-- Generated by org.testng.reporters.JUnitReportReporter -->
<testsuite hostname="LAPTOP-3DA2R6EB" failures="0" tests="2" name="testng.E_DepondsOn_Methods" time="3.108" errors="0" timestamp="2025-07-24T01:41:29 IST" skipped="0">
  <testcase classname="testng.E_DepondsOn_Methods" name="method1" time="1.000"/>
  <testcase classname="testng.E_DepondsOn_Methods" name="method2" time="2.108"/>
</testsuite> <!-- testng.E_DepondsOn_Methods -->
